#
# A fatal error has been detected by the Java Runtime Environment:
#
#  Internal Error (constantPool.cpp:1351), pid=2100, tid=5752
#  Error: ShouldNotReachHere()
#
# JRE version: Java(TM) SE Runtime Environment (8.0-b132) (build 1.8.0-b132)
# Java VM: Java HotSpot(TM) 64-Bit Server VM (25.0-b70 mixed mode windows-amd64 compressed oops)
# Failed to write core dump. Minidumps are not enabled by default on client versions of Windows
#
# If you would like to submit a bug report, please visit:
#   http://bugreport.sun.com/bugreport/crash.jsp
#

---------------  T H R E A D  ---------------

Current thread (0x00000000155e9800):  JavaThread "JDWP Transport Listener: dt_socket" daemon [_thread_in_vm, id=5752, stack(0x0000000015ff0000,0x00000000160f0000)]

Stack: [0x0000000015ff0000,0x00000000160f0000]
Native frames: (J=compiled Java code, j=interpreted, Vv=VM code, C=native code)
V  [jvm.dll+0x308e0a]
V  [jvm.dll+0x25df11]
V  [jvm.dll+0x25eb2f]
V  [jvm.dll+0x256632]
V  [jvm.dll+0xe654b]
V  [jvm.dll+0x1b1632]
V  [jvm.dll+0x1b41ea]
V  [jvm.dll+0x1b51eb]
V  [jvm.dll+0x1b5b12]
V  [jvm.dll+0x228740]
V  [jvm.dll+0x18de01]
V  [jvm.dll+0x3212b4]
C  [jdwp.dll+0x9e6b]
C  [jdwp.dll+0xf09c]
C  [jdwp.dll+0x1f2c9]
C  [jdwp.dll+0x1f49e]
V  [jvm.dll+0x1a7148]
V  [jvm.dll+0x2232e4]
V  [jvm.dll+0x27baea]
C  [msvcr100.dll+0x21d9f]
C  [msvcr100.dll+0x21e3b]
C  [kernel32.dll+0x159ed]
C  [ntdll.dll+0x2c541]


---------------  P R O C E S S  ---------------

Java Threads: ( => current thread )
  0x00000000170bc800 JavaThread "Code server for grillapp from Mozilla/5.0 (Windows NT 6.1; WOW64) AppleWebKit/537.36 (KHTML, like Gecko) Chrome/39.0.2171.95 Safari/537.36 on http://127.0.0.1:8888/GrillApp.html?gwt.codesvr=127.0.0.1:9997 @ ,pL|VA0zb+^_co>`" daemon [_thread_blocked, id=4132, stack(0x000000001bea0000,0x000000001bfa0000)]
  0x00000000170bb800 JavaThread "227591528@qtp-519303080-4" [_thread_blocked, id=8028, stack(0x000000001bcc0000,0x000000001bdc0000)]
  0x0000000018692800 JavaThread "389427238@qtp-519303080-3" [_thread_blocked, id=7360, stack(0x000000001ba90000,0x000000001bb90000)]
  0x0000000019642000 JavaThread "Timer-0" daemon [_thread_blocked, id=5924, stack(0x000000001b8f0000,0x000000001b9f0000)]
  0x00000000185e7000 JavaThread "1547398254@qtp-519303080-1 - Acceptor0 SelectChannelConnector@0.0.0.0:8888" [_thread_in_native, id=5284, stack(0x0000000018e90000,0x0000000018f90000)]
  0x0000000016ff9000 JavaThread "Code server listener" daemon [_thread_in_native, id=3772, stack(0x0000000018770000,0x0000000018870000)]
  0x0000000016f3d000 JavaThread "pool-1-thread-1" [_thread_blocked, id=7676, stack(0x0000000017560000,0x0000000017660000)]
  0x0000000016cdf000 JavaThread "Thread-2" daemon [_thread_blocked, id=3712, stack(0x0000000017450000,0x0000000017550000)]
  0x0000000016cde800 JavaThread "Thread-1" [_thread_in_native, id=2792, stack(0x0000000017310000,0x0000000017410000)]
  0x00000000158ac800 JavaThread "Service Thread" daemon [_thread_blocked, id=1724, stack(0x0000000016560000,0x0000000016660000)]
  0x000000001583b800 JavaThread "C1 CompilerThread2" daemon [_thread_blocked, id=6720, stack(0x00000000167e0000,0x00000000168e0000)]
  0x000000001583a800 JavaThread "C2 CompilerThread1" daemon [_thread_blocked, id=6292, stack(0x0000000016670000,0x0000000016770000)]
  0x0000000015835000 JavaThread "C2 CompilerThread0" daemon [_thread_blocked, id=6280, stack(0x00000000163c0000,0x00000000164c0000)]
  0x00000000155f4800 JavaThread "JDWP Command Reader" daemon [_thread_in_native, id=7380, stack(0x0000000016110000,0x0000000016210000)]
  0x00000000155ef000 JavaThread "JDWP Event Helper Thread" daemon [_thread_blocked, id=3056, stack(0x0000000016290000,0x0000000016390000)]
=>0x00000000155e9800 JavaThread "JDWP Transport Listener: dt_socket" daemon [_thread_in_vm, id=5752, stack(0x0000000015ff0000,0x00000000160f0000)]
  0x0000000013d45800 JavaThread "Attach Listener" daemon [_thread_blocked, id=896, stack(0x00000000154e0000,0x00000000155e0000)]
  0x0000000013d4e800 JavaThread "Signal Dispatcher" daemon [_thread_blocked, id=7632, stack(0x0000000014da0000,0x0000000014ea0000)]
  0x0000000013ce6800 JavaThread "Finalizer" daemon [_thread_blocked, id=6684, stack(0x0000000015200000,0x0000000015300000)]
  0x0000000013cde000 JavaThread "Reference Handler" daemon [_thread_blocked, id=3868, stack(0x0000000015050000,0x0000000015150000)]
  0x00000000021ef800 JavaThread "main" [_thread_blocked, id=5900, stack(0x00000000024a0000,0x00000000025a0000)]

Other Threads:
  0x0000000013cd8000 VMThread [stack: 0x0000000014ef0000,0x0000000014ff0000] [id=7336]
  0x00000000158ae800 WatcherThread [stack: 0x0000000016a00000,0x0000000016b00000] [id=6692]

VM state:not at safepoint (normal execution)

VM Mutex/Monitor currently owned by a thread: None

Heap:
 PSYoungGen      total 98304K, used 68414K [0x00000000f5580000, 0x00000000fd300000, 0x0000000100000000)
  eden space 85504K, 80% used [0x00000000f5580000,0x00000000f984fbc0,0x00000000fa900000)
  from space 12800K, 0% used [0x00000000fc680000,0x00000000fc680000,0x00000000fd300000)
  to   space 21504K, 0% used [0x00000000fa900000,0x00000000fa900000,0x00000000fbe00000)
 ParOldGen       total 99840K, used 81022K [0x00000000e0000000, 0x00000000e6180000, 0x00000000f5580000)
  object space 99840K, 81% used [0x00000000e0000000,0x00000000e4f1f8f0,0x00000000e6180000)
 Metaspace       used 34661K, capacity 35298K, committed 35584K, reserved 1081344K
  class space    used 4366K, capacity 4507K, committed 4608K, reserved 1048576K

Card table byte_map: [0x0000000011c30000,0x0000000011d40000] byte_map_base: 0x0000000011530000

Marking Bits: (ParMarkBitMap*) 0x00000000701d13b0
 Begin Bits: [0x0000000012350000, 0x0000000012b50000)
 End Bits:   [0x0000000012b50000, 0x0000000013350000)

Polling page: 0x0000000000120000

CodeCache: size=245760Kb used=16559Kb max_used=17384Kb free=229200Kb
 bounds [0x0000000002870000, 0x0000000003980000, 0x0000000011870000]
 total_blobs=4763 nmethods=4355 adapters=329
 compilation: enabled

Compilation events (10 events):
Event: 114.587 Thread 0x000000001583b800 4621       3       org.mortbay.thread.Timeout::tick (10 bytes)
Event: 114.587 Thread 0x000000001583b800 nmethod 4621 0x00000000029ac390 code [0x00000000029ac500, 0x00000000029ac6c8]
Event: 114.587 Thread 0x000000001583b800 4622       1       sun.nio.ch.WindowsSelectorImpl::access$1200 (5 bytes)
Event: 114.587 Thread 0x000000001583b800 nmethod 4622 0x00000000029f2ad0 code [0x00000000029f2c20, 0x00000000029f2d10]
Event: 114.587 Thread 0x000000001583b800 4623       1       sun.nio.ch.WindowsSelectorImpl::access$1400 (5 bytes)
Event: 114.587 Thread 0x000000001583b800 nmethod 4623 0x0000000002a59b90 code [0x0000000002a59ce0, 0x0000000002a59dd0]
Event: 114.587 Thread 0x000000001583b800 4624       1       sun.nio.ch.WindowsSelectorImpl::access$1500 (5 bytes)
Event: 114.587 Thread 0x000000001583b800 nmethod 4624 0x0000000002a98710 code [0x0000000002a98860, 0x0000000002a98950]
Event: 127.939 Thread 0x0000000015835000 4625       4       java.io.FilePermission::init (228 bytes)
Event: 127.951 Thread 0x0000000015835000 nmethod 4625 0x0000000002990350 code [0x0000000002990500, 0x0000000002990e48]

GC Heap History (10 events):
Event: 30.106 GC heap before
{Heap before GC invocations=28 (full 2):
 PSYoungGen      total 96256K, used 15847K [0x00000000f5580000, 0x00000000fd980000, 0x0000000100000000)
  eden space 80384K, 0% used [0x00000000f5580000,0x00000000f5580000,0x00000000fa400000)
  from space 15872K, 99% used [0x00000000fb800000,0x00000000fc779e60,0x00000000fc780000)
  to   space 20480K, 0% used [0x00000000fa400000,0x00000000fa400000,0x00000000fb800000)
 ParOldGen       total 78336K, used 73969K [0x00000000e0000000, 0x00000000e4c80000, 0x00000000f5580000)
  object space 78336K, 94% used [0x00000000e0000000,0x00000000e483c6f8,0x00000000e4c80000)
 Metaspace       used 28672K, capacity 29276K, committed 29568K, reserved 1075200K
  class space    used 3470K, capacity 3620K, committed 3712K, reserved 1048576K
Event: 30.650 GC heap after
Heap after GC invocations=28 (full 2):
 PSYoungGen      total 96256K, used 7628K [0x00000000f5580000, 0x00000000fd980000, 0x0000000100000000)
  eden space 80384K, 0% used [0x00000000f5580000,0x00000000f5580000,0x00000000fa400000)
  from space 15872K, 48% used [0x00000000fb800000,0x00000000fbf73318,0x00000000fc780000)
  to   space 20480K, 0% used [0x00000000fa400000,0x00000000fa400000,0x00000000fb800000)
 ParOldGen       total 91136K, used 77936K [0x00000000e0000000, 0x00000000e5900000, 0x00000000f5580000)
  object space 91136K, 85% used [0x00000000e0000000,0x00000000e4c1c1c8,0x00000000e5900000)
 Metaspace       used 28672K, capacity 29276K, committed 29568K, reserved 1075200K
  class space    used 3470K, capacity 3620K, committed 3712K, reserved 1048576K
}
Event: 31.550 GC heap before
{Heap before GC invocations=29 (full 2):
 PSYoungGen      total 96256K, used 88012K [0x00000000f5580000, 0x00000000fd980000, 0x0000000100000000)
  eden space 80384K, 100% used [0x00000000f5580000,0x00000000fa400000,0x00000000fa400000)
  from space 15872K, 48% used [0x00000000fb800000,0x00000000fbf73318,0x00000000fc780000)
  to   space 20480K, 0% used [0x00000000fa400000,0x00000000fa400000,0x00000000fb800000)
 ParOldGen       total 91136K, used 77936K [0x00000000e0000000, 0x00000000e5900000, 0x00000000f5580000)
  object space 91136K, 85% used [0x00000000e0000000,0x00000000e4c1c1c8,0x00000000e5900000)
 Metaspace       used 29232K, capacity 29798K, committed 30080K, reserved 1075200K
  class space    used 3525K, capacity 3659K, committed 3712K, reserved 1048576K
Event: 31.620 GC heap after
Heap after GC invocations=29 (full 2):
 PSYoungGen      total 100864K, used 16728K [0x00000000f5580000, 0x00000000fdc80000, 0x0000000100000000)
  eden space 80384K, 0% used [0x00000000f5580000,0x00000000f5580000,0x00000000fa400000)
  from space 20480K, 81% used [0x00000000fa400000,0x00000000fb456330,0x00000000fb800000)
  to   space 22528K, 0% used [0x00000000fc680000,0x00000000fc680000,0x00000000fdc80000)
 ParOldGen       total 91136K, used 85745K [0x00000000e0000000, 0x00000000e5900000, 0x00000000f5580000)
  object space 91136K, 94% used [0x00000000e0000000,0x00000000e53bc430,0x00000000e5900000)
 Metaspace       used 29232K, capacity 29798K, committed 30080K, reserved 1075200K
  class space    used 3525K, capacity 3659K, committed 3712K, reserved 1048576K
}
Event: 31.620 GC heap before
{Heap before GC invocations=30 (full 3):
 PSYoungGen      total 100864K, used 16728K [0x00000000f5580000, 0x00000000fdc80000, 0x0000000100000000)
  eden space 80384K, 0% used [0x00000000f5580000,0x00000000f5580000,0x00000000fa400000)
  from space 20480K, 81% used [0x00000000fa400000,0x00000000fb456330,0x00000000fb800000)
  to   space 22528K, 0% used [0x00000000fc680000,0x00000000fc680000,0x00000000fdc80000)
 ParOldGen       total 91136K, used 85745K [0x00000000e0000000, 0x00000000e5900000, 0x00000000f5580000)
  object space 91136K, 94% used [0x00000000e0000000,0x00000000e53bc430,0x00000000e5900000)
 Metaspace       used 29232K, capacity 29798K, committed 30080K, reserved 1075200K
  class space    used 3525K, capacity 3659K, committed 3712K, reserved 1048576K
Event: 32.025 GC heap after
Heap after GC invocations=30 (full 3):
 PSYoungGen      total 100864K, used 9969K [0x00000000f5580000, 0x00000000fdc80000, 0x0000000100000000)
  eden space 80384K, 0% used [0x00000000f5580000,0x00000000f5580000,0x00000000fa400000)
  from space 20480K, 48% used [0x00000000fa400000,0x00000000fadbc620,0x00000000fb800000)
  to   space 22528K, 0% used [0x00000000fc680000,0x00000000fc680000,0x00000000fdc80000)
 ParOldGen       total 106496K, used 90851K [0x00000000e0000000, 0x00000000e6800000, 0x00000000f5580000)
  object space 106496K, 85% used [0x00000000e0000000,0x00000000e58b8d40,0x00000000e6800000)
 Metaspace       used 29232K, capacity 29798K, committed 30080K, reserved 1075200K
  class space    used 3525K, capacity 3659K, committed 3712K, reserved 1048576K
}
Event: 36.672 GC heap before
{Heap before GC invocations=31 (full 3):
 PSYoungGen      total 100864K, used 90353K [0x00000000f5580000, 0x00000000fdc80000, 0x0000000100000000)
  eden space 80384K, 100% used [0x00000000f5580000,0x00000000fa400000,0x00000000fa400000)
  from space 20480K, 48% used [0x00000000fa400000,0x00000000fadbc620,0x00000000fb800000)
  to   space 22528K, 0% used [0x00000000fc680000,0x00000000fc680000,0x00000000fdc80000)
 ParOldGen       total 106496K, used 90851K [0x00000000e0000000, 0x00000000e6800000, 0x00000000f5580000)
  object space 106496K, 85% used [0x00000000e0000000,0x00000000e58b8d40,0x00000000e6800000)
 Metaspace       used 32826K, capacity 33406K, committed 33664K, reserved 1079296K
  class space    used 4041K, capacity 4181K, committed 4224K, reserved 1048576K
Event: 36.755 GC heap after
Heap after GC invocations=31 (full 3):
 PSYoungGen      total 98304K, used 8581K [0x00000000f5580000, 0x00000000fd300000, 0x0000000100000000)
  eden space 85504K, 0% used [0x00000000f5580000,0x00000000f5580000,0x00000000fa900000)
  from space 12800K, 67% used [0x00000000fc680000,0x00000000fcee1428,0x00000000fd300000)
  to   space 21504K, 0% used [0x00000000fa900000,0x00000000fa900000,0x00000000fbe00000)
 ParOldGen       total 106496K, used 100611K [0x00000000e0000000, 0x00000000e6800000, 0x00000000f5580000)
  object space 106496K, 94% used [0x00000000e0000000,0x00000000e6240ee0,0x00000000e6800000)
 Metaspace       used 32826K, capacity 33406K, committed 33664K, reserved 1079296K
  class space    used 4041K, capacity 4181K, committed 4224K, reserved 1048576K
}
Event: 36.755 GC heap before
{Heap before GC invocations=32 (full 4):
 PSYoungGen      total 98304K, used 8581K [0x00000000f5580000, 0x00000000fd300000, 0x0000000100000000)
  eden space 85504K, 0% used [0x00000000f5580000,0x00000000f5580000,0x00000000fa900000)
  from space 12800K, 67% used [0x00000000fc680000,0x00000000fcee1428,0x00000000fd300000)
  to   space 21504K, 0% used [0x00000000fa900000,0x00000000fa900000,0x00000000fbe00000)
 ParOldGen       total 106496K, used 100611K [0x00000000e0000000, 0x00000000e6800000, 0x00000000f5580000)
  object space 106496K, 94% used [0x00000000e0000000,0x00000000e6240ee0,0x00000000e6800000)
 Metaspace       used 32826K, capacity 33406K, committed 33664K, reserved 1079296K
  class space    used 4041K, capacity 4181K, committed 4224K, reserved 1048576K
Event: 37.001 GC heap after
Heap after GC invocations=32 (full 4):
 PSYoungGen      total 98304K, used 0K [0x00000000f5580000, 0x00000000fd300000, 0x0000000100000000)
  eden space 85504K, 0% used [0x00000000f5580000,0x00000000f5580000,0x00000000fa900000)
  from space 12800K, 0% used [0x00000000fc680000,0x00000000fc680000,0x00000000fd300000)
  to   space 21504K, 0% used [0x00000000fa900000,0x00000000fa900000,0x00000000fbe00000)
 ParOldGen       total 99840K, used 81022K [0x00000000e0000000, 0x00000000e6180000, 0x00000000f5580000)
  object space 99840K, 81% used [0x00000000e0000000,0x00000000e4f1f8f0,0x00000000e6180000)
 Metaspace       used 32826K, capacity 33406K, committed 33664K, reserved 1079296K
  class space    used 4041K, capacity 4181K, committed 4224K, reserved 1048576K
}

Deoptimization events (10 events):
Event: 37.923 Thread 0x00000000170bc800 Uncommon trap: reason=unreached action=reinterpret pc=0x0000000003597810 method=java.util.HashMap.hash(Ljava/lang/Object;)I @ 1
Event: 38.304 Thread 0x00000000170bc800 Uncommon trap: reason=unreached action=reinterpret pc=0x00000000034f355c method=com.google.gwt.thirdparty.guava.common.collect.MapMakerInternalMap$Segment.get(Ljava/lang/Object;I)Ljava/lang/Object; @ 36
Event: 38.304 Thread 0x00000000170bc800 Uncommon trap: reason=unreached action=reinterpret pc=0x0000000002f40c90 method=com.google.gwt.thirdparty.guava.common.collect.MapMakerInternalMap$Segment.drainValueReferenceQueue()V @ 11
Event: 67.931 Thread 0x0000000019642000 Uncommon trap: reason=unreached action=reinterpret pc=0x0000000003786464 method=java.util.LinkedHashMap.afterNodeRemoval(Ljava/util/HashMap$Node;)V @ 27
Event: 87.258 Thread 0x00000000170bc800 Uncommon trap: reason=class_check action=maybe_recompile pc=0x000000000387a444 method=com.google.gwt.dev.asm.ClassReader.readCode(Lcom/google/gwt/dev/asm/MethodVisitor;Lcom/google/gwt/dev/asm/Context;I)V @ 1793
Event: 87.299 Thread 0x0000000019898800 Uncommon trap: reason=class_check action=maybe_recompile pc=0x00000000031f7140 method=java.lang.ThreadLocal$ThreadLocalMap.set(Ljava/lang/ThreadLocal;Ljava/lang/Object;)V @ 36
Event: 87.353 Thread 0x0000000019898800 Uncommon trap: reason=class_check action=maybe_recompile pc=0x0000000002cc9b24 method=java.io.InputStream.read([B)I @ 5
Event: 87.353 Thread 0x0000000019898800 Uncommon trap: reason=class_check action=maybe_recompile pc=0x0000000002cc9b24 method=java.io.InputStream.read([B)I @ 5
Event: 87.517 Thread 0x0000000019898800 Uncommon trap: reason=bimorphic action=maybe_recompile pc=0x000000000375db30 method=java.util.regex.Pattern$Curly.match(Ljava/util/regex/Matcher;ILjava/lang/CharSequence;)Z @ 19
Event: 87.571 Thread 0x0000000019898800 Uncommon trap: reason=class_check action=maybe_recompile pc=0x00000000031f7140 method=java.lang.ThreadLocal$ThreadLocalMap.set(Ljava/lang/ThreadLocal;Ljava/lang/Object;)V @ 36

Internal exceptions (10 events):
Event: 87.520 Thread 0x0000000019898800 Exception <a 'java/security/PrivilegedActionException'> (0x00000000f968d9a0) thrown at [D:\re\workspace\8-2-build-windows-amd64-cygwin\jdk8\2238\hotspot\src\share\vm\prims\jvm.cpp, line 1248]
Event: 87.537 Thread 0x0000000019898800 Exception <a 'java/security/PrivilegedActionException'> (0x00000000f96a7848) thrown at [D:\re\workspace\8-2-build-windows-amd64-cygwin\jdk8\2238\hotspot\src\share\vm\prims\jvm.cpp, line 1248]
Event: 87.552 Thread 0x0000000019898800 Exception <a 'java/security/PrivilegedActionException'> (0x00000000f96af180) thrown at [D:\re\workspace\8-2-build-windows-amd64-cygwin\jdk8\2238\hotspot\src\share\vm\prims\jvm.cpp, line 1248]
Event: 87.555 Thread 0x0000000019898800 Exception <a 'java/security/PrivilegedActionException'> (0x00000000f96b51f0) thrown at [D:\re\workspace\8-2-build-windows-amd64-cygwin\jdk8\2238\hotspot\src\share\vm\prims\jvm.cpp, line 1248]
Event: 87.559 Thread 0x0000000019898800 Exception <a 'java/security/PrivilegedActionException'> (0x00000000f96c81f0) thrown at [D:\re\workspace\8-2-build-windows-amd64-cygwin\jdk8\2238\hotspot\src\share\vm\prims\jvm.cpp, line 1248]
Event: 87.562 Thread 0x0000000019898800 Exception <a 'java/security/PrivilegedActionException'> (0x00000000f96d0348) thrown at [D:\re\workspace\8-2-build-windows-amd64-cygwin\jdk8\2238\hotspot\src\share\vm\prims\jvm.cpp, line 1248]
Event: 87.564 Thread 0x0000000019898800 Exception <a 'java/security/PrivilegedActionException'> (0x00000000f96d7f98) thrown at [D:\re\workspace\8-2-build-windows-amd64-cygwin\jdk8\2238\hotspot\src\share\vm\prims\jvm.cpp, line 1248]
Event: 87.566 Thread 0x0000000019898800 Exception <a 'java/security/PrivilegedActionException'> (0x00000000f96db3f0) thrown at [D:\re\workspace\8-2-build-windows-amd64-cygwin\jdk8\2238\hotspot\src\share\vm\prims\jvm.cpp, line 1248]
Event: 87.567 Thread 0x0000000019898800 Exception <a 'java/lang/NoClassDefFoundError': com/google/gwt/dev/util/collect/HashMap> (0x00000000f96db7b0) thrown at [D:\re\workspace\8-2-build-windows-amd64-cygwin\jdk8\2238\hotspot\src\share\vm\classfile\systemDictionary.cpp, line 191]
Event: 87.567 Thread 0x0000000019898800 Exception <a 'java/lang/reflect/InvocationTargetException'> (0x00000000f96dbaf0) thrown at [D:\re\workspace\8-2-build-windows-amd64-cygwin\jdk8\2238\hotspot\src\share\vm\runtime\reflection.cpp, line 1079]

Events (10 events):
Event: 87.784 Executing VM operation: GetOrSetLocal
Event: 87.784 Executing VM operation: GetOrSetLocal done
Event: 87.785 Executing VM operation: GetOrSetLocal
Event: 87.785 Executing VM operation: GetOrSetLocal done
Event: 87.786 Executing VM operation: GetOrSetLocal
Event: 87.786 Executing VM operation: GetOrSetLocal done
Event: 87.786 Executing VM operation: GetOrSetLocal
Event: 87.786 Executing VM operation: GetOrSetLocal done
Event: 87.787 Executing VM operation: GetOrSetLocal
Event: 87.787 Executing VM operation: GetOrSetLocal done


Dynamic libraries:
0x000000013f400000 - 0x000000013f434000 	C:\Program Files\Java\jre8\bin\javaw.exe
0x0000000077080000 - 0x0000000077229000 	C:\Windows\SYSTEM32\ntdll.dll
0x0000000076f60000 - 0x000000007707f000 	C:\Windows\system32\kernel32.dll
0x000007fefd190000 - 0x000007fefd1fc000 	C:\Windows\system32\KERNELBASE.dll
0x000007fefdfb0000 - 0x000007fefe08b000 	C:\Windows\system32\ADVAPI32.dll
0x000007fefe520000 - 0x000007fefe5bf000 	C:\Windows\system32\msvcrt.dll
0x000007fefe160000 - 0x000007fefe17f000 	C:\Windows\SYSTEM32\sechost.dll
0x000007fefe890000 - 0x000007fefe9bd000 	C:\Windows\system32\RPCRT4.dll
0x0000000076e60000 - 0x0000000076f5a000 	C:\Windows\system32\USER32.dll
0x000007fefead0000 - 0x000007fefeb37000 	C:\Windows\system32\GDI32.dll
0x000007feff380000 - 0x000007feff38e000 	C:\Windows\system32\LPK.dll
0x000007fefe090000 - 0x000007fefe159000 	C:\Windows\system32\USP10.dll
0x000007fefb450000 - 0x000007fefb644000 	C:\Windows\WinSxS\amd64_microsoft.windows.common-controls_6595b64144ccf1df_6.0.7601.17514_none_fa396087175ac9ac\COMCTL32.dll
0x000007fefe400000 - 0x000007fefe471000 	C:\Windows\system32\SHLWAPI.dll
0x000007fefe180000 - 0x000007fefe1ae000 	C:\Windows\system32\IMM32.DLL
0x000007fefe9c0000 - 0x000007fefeac9000 	C:\Windows\system32\MSCTF.dll
0x0000000077560000 - 0x0000000077632000 	C:\Program Files\Java\jre8\bin\msvcr100.dll
0x000000006fa20000 - 0x000000007024a000 	C:\Program Files\Java\jre8\bin\server\jvm.dll
0x000007fef8f00000 - 0x000007fef8f09000 	C:\Windows\system32\WSOCK32.dll
0x000007fefefa0000 - 0x000007fefefed000 	C:\Windows\system32\WS2_32.dll
0x000007fefe5c0000 - 0x000007fefe5c8000 	C:\Windows\system32\NSI.dll
0x000007fefa380000 - 0x000007fefa3bb000 	C:\Windows\system32\WINMM.dll
0x0000000077250000 - 0x0000000077257000 	C:\Windows\system32\PSAPI.DLL
0x0000000050190000 - 0x000000005019f000 	C:\Program Files\Java\jre8\bin\verify.dll
0x0000000077500000 - 0x0000000077528000 	C:\Program Files\Java\jre8\bin\java.dll
0x00000000778b0000 - 0x00000000778e5000 	C:\Program Files\Java\jre8\bin\jdwp.dll
0x0000000074b90000 - 0x0000000074b98000 	C:\Program Files\Java\jre8\bin\npt.dll
0x0000000077a90000 - 0x0000000077ab3000 	C:\Program Files\Java\jre8\bin\instrument.dll
0x0000000077540000 - 0x0000000077556000 	C:\Program Files\Java\jre8\bin\zip.dll
0x000007fefd200000 - 0x000007fefdf88000 	C:\Windows\system32\SHELL32.dll
0x000007feff170000 - 0x000007feff373000 	C:\Windows\system32\ole32.dll
0x000007fefce50000 - 0x000007fefce5f000 	C:\Windows\system32\profapi.dll
0x0000000074ba0000 - 0x0000000074ba9000 	C:\Program Files\Java\jre8\bin\dt_socket.dll
0x000007fefa830000 - 0x000007fefa845000 	C:\Windows\system32\NLAapi.dll
0x000007fef9dd0000 - 0x000007fef9de5000 	C:\Windows\system32\napinsp.dll
0x000007fef9df0000 - 0x000007fef9e09000 	C:\Windows\system32\pnrpnsp.dll
0x000007fefc620000 - 0x000007fefc675000 	C:\Windows\System32\mswsock.dll
0x000007fefc460000 - 0x000007fefc4bb000 	C:\Windows\system32\DNSAPI.dll
0x000007fef9dc0000 - 0x000007fef9dcb000 	C:\Windows\System32\winrnr.dll
0x0000000073020000 - 0x0000000073046000 	C:\Program Files\Bonjour\mdnsNSP.dll
0x000007fefa710000 - 0x000007fefa737000 	C:\Windows\system32\Iphlpapi.DLL
0x000007fefa6b0000 - 0x000007fefa6bb000 	C:\Windows\system32\WINNSI.DLL
0x000007fef9e50000 - 0x000007fef9e7f000 	C:\Program Files\Common Files\Microsoft Shared\Windows Live\WLIDNSP.DLL
0x000007fefa5e0000 - 0x000007fefa633000 	C:\Windows\System32\fwpuclnt.dll
0x000007fef9e40000 - 0x000007fef9e48000 	C:\Windows\system32\rasadhlp.dll
0x000007fefbfa0000 - 0x000007fefbfa7000 	C:\Windows\System32\wshtcpip.dll
0x00000000774e0000 - 0x00000000774fa000 	C:\Program Files\Java\jre8\bin\net.dll
0x000007fefc610000 - 0x000007fefc617000 	C:\Windows\System32\wship6.dll
0x000007fefc680000 - 0x000007fefc697000 	C:\Windows\system32\CRYPTSP.dll
0x000007fefc340000 - 0x000007fefc387000 	C:\Windows\system32\rsaenh.dll
0x000007fefcf80000 - 0x000007fefcf9e000 	C:\Windows\system32\USERENV.dll
0x000007fefcce0000 - 0x000007fefccef000 	C:\Windows\system32\CRYPTBASE.dll
0x0000000077420000 - 0x0000000077431000 	C:\Program Files\Java\jre8\bin\nio.dll
0x000007fef7c00000 - 0x000007fef7d25000 	C:\Windows\system32\dbghelp.dll

VM Arguments:
jvm_args: -agentlib:jdwp=transport=dt_socket,suspend=y,address=localhost:52165 -javaagent:C:\eclipse\plugins\com.google.appengine.eclipse.sdkbundle_1.9.7\appengine-java-sdk-1.9.7\lib\agent\appengine-agent.jar -Ddatastore.default_high_rep_job_policy_unapplied_job_pct=50 -Xmx512m -Dappengine.user.timezone.impl=UTC -Dfile.encoding=Cp1252 
java_command: com.google.gwt.dev.DevMode -remoteUI 51249:8970742536564 -startupUrl GrillApp.html -logLevel INFO -codeServerPort 9997 -port 8888 -server com.google.appengine.tools.development.gwt.AppEngineLauncher -war H:\git\GrillApp\GrillApp\war ch.paranor.grillapp.GrillApp
java_class_path (initial): H:\git\GrillApp\GrillApp\src;H:\git\GrillApp\GrillApp\test-classes;H:\git\GrillApp\GrillApp\war\WEB-INF\classes;C:\eclipse\plugins\com.google.appengine.eclipse.sdkbundle_1.9.7\appengine-java-sdk-1.9.7\lib\shared\appengine-local-runtime-shared.jar;C:\eclipse\plugins\com.google.appengine.eclipse.sdkbundle_1.9.7\appengine-java-sdk-1.9.7\lib\shared\el-api.jar;C:\eclipse\plugins\com.google.appengine.eclipse.sdkbundle_1.9.7\appengine-java-sdk-1.9.7\lib\shared\jsp\repackaged-appengine-ant-1.7.1.jar;C:\eclipse\plugins\com.google.appengine.eclipse.sdkbundle_1.9.7\appengine-java-sdk-1.9.7\lib\shared\jsp\repackaged-appengine-ant-launcher-1.7.1.jar;C:\eclipse\plugins\com.google.appengine.eclipse.sdkbundle_1.9.7\appengine-java-sdk-1.9.7\lib\shared\jsp\repackaged-appengine-jasper-6.0.29.jar;C:\eclipse\plugins\com.google.appengine.eclipse.sdkbundle_1.9.7\appengine-java-sdk-1.9.7\lib\shared\jsp\repackaged-appengine-jasper-el-6.0.29.jar;C:\eclipse\plugins\com.google.appengine.eclipse.sdkbundle_1.9.7\appengine-java-sdk-1.9.7\lib\shared\jsp\repackaged-appengine-tomcat-juli-6.0.29.jar;C:\eclipse\plugins\com.google.appengine.eclipse.sdkbundle_1.9.7\appengine-java-sdk-1.9.7\lib\shared\jsp-api.jar;C:\eclipse\plugins\com.google.appengine.eclipse.sdkbundle_1.9.7\appengine-java-sdk-1.9.7\lib\shared\servlet-api.jar;C:\eclipse\plugins\com.google.appengine.eclipse.sdkbundle_1.9.7\appengine-java-sdk-1.9.7\lib\appengine-tools-api.jar;C:\eclipse\plugins\com.google.appengine.eclipse.sdkbundle_1.9.7\appengine-java-sdk-1.9.7\lib\opt\user\appengine-api-labs\v1\appengine-api-labs.jar;C:\eclipse\plugins\com.google.appengine.eclipse.sdkbundle_1.9.7\appengine-java-sdk-1.9.7\lib\opt\user\appengine-endpoints\v1\appengine-endpoints-deps.jar;C:\eclipse\plugins\com.google.appengine.eclipse.sdkbundle_1.9.7\appengine-java-sdk-1.9.7\lib\opt\user\appengine-endpoints\v1\appengine-endpoints.jar;C:\eclipse\plugins\com.google.appengine.eclipse.sdkbundle_1.9.7\appengine-java-sdk-1.9.7\lib\o
Launcher Type: SUN_STANDARD

Environment Variables:
PATH=C:\Program Files\Common Files\Microsoft Shared\Windows Live;C:\Program Files (x86)\Common Files\Microsoft Shared\Windows Live;C:\Windows\system32;C:\Windows;C:\Windows\System32\Wbem;C:\Windows\System32\WindowsPowerShell\v1.0\;C:\Program Files (x86)\ATI Technologies\ATI.ACE\Core-Static;C:\Program Files\Java\jdk1.7.0_51\bin;C:\Program Files (x86)\Microsoft SQL Server\100\Tools\Binn\;C:\Program Files\Microsoft SQL Server\100\Tools\Binn\;C:\Program Files\Microsoft SQL Server\100\DTS\Binn\;C:\Program Files (x86)\Windows Live\Shared
USERNAME=neshanthan
OS=Windows_NT
PROCESSOR_IDENTIFIER=Intel64 Family 6 Model 23 Stepping 10, GenuineIntel



---------------  S Y S T E M  ---------------

OS: Windows 7 , 64 bit Build 7601 Service Pack 1

CPU:total 4 (4 cores per cpu, 1 threads per core) family 6 model 23 stepping 10, cmov, cx8, fxsr, mmx, sse, sse2, sse3, ssse3, sse4.1, tsc

Memory: 4k page, physical 8318172k(4509396k free), swap 20809108k(15913760k free)

vm_info: Java HotSpot(TM) 64-Bit Server VM (25.0-b70) for windows-amd64 JRE (1.8.0-b132), built on Mar  4 2014 03:46:18 by "java_re" with MS VC++ 10.0 (VS2010)

time: Mon Jan 12 10:42:30 2015
elapsed time: 134 seconds

